package configuration for libxslt is not found
package configuration for libxml-2.0 is not found
package configuration for libiconv is not found
find_header: checking for libxml/parser.h... -------------------- yes

"/usr/bin/clang -o conftest -I/usr/local/Cellar/ruby192/1.9.2-p290/include/ruby-1.9.1/x86_64-darwin11.3.0 -I/usr/local/Cellar/ruby192/1.9.2-p290/include/ruby-1.9.1/ruby/backward -I/usr/local/Cellar/ruby192/1.9.2-p290/include/ruby-1.9.1 -I. -I/usr/local/Cellar/libxml2/2.7.8/include/libxml2 -I/opt/local/include/libxml2 -I/usr/local/include/libxml2 -I/usr/local/Cellar/ruby192/1.9.2-p290/include/libxml2 -I/opt/local/include -I/usr/local/include -I/usr/local/Cellar/ruby192/1.9.2-p290/include -I/usr/include -I/usr/include/libxml2 -I/usr/local/Cellar/readline/6.2.2/include -D_XOPEN_SOURCE -D_DARWIN_C_SOURCE  -I/usr/local/Cellar/readline/6.2.2/include -Os -w -pipe -march=native -Qunused-arguments -fno-common  -g -DXP_UNIX conftest.c  -L. -L/usr/local/Cellar/ruby192/1.9.2-p290/lib -L/usr/local/Cellar/libxml2/2.7.8/lib -L/opt/local/lib -L/usr/local/lib -L/usr/local/Cellar/ruby192/1.9.2-p290/lib -L/usr/lib -L. -L/usr/local/Cellar/readline/6.2.2/lib -L/usr/local/lib     -lruby.1.9.1-static  -lpthread -ldl -lobjc  "
checked program was:
/* begin */
1: #include "ruby.h"
2: 
3: int main() {return 0;}
/* end */

"/usr/bin/clang -E -I/usr/local/Cellar/ruby192/1.9.2-p290/include/ruby-1.9.1/x86_64-darwin11.3.0 -I/usr/local/Cellar/ruby192/1.9.2-p290/include/ruby-1.9.1/ruby/backward -I/usr/local/Cellar/ruby192/1.9.2-p290/include/ruby-1.9.1 -I. -I/usr/local/Cellar/libxml2/2.7.8/include/libxml2 -I/opt/local/include/libxml2 -I/usr/local/include/libxml2 -I/usr/local/Cellar/ruby192/1.9.2-p290/include/libxml2 -I/opt/local/include -I/usr/local/include -I/usr/local/Cellar/ruby192/1.9.2-p290/include -I/usr/include -I/usr/include/libxml2 -I/usr/local/Cellar/readline/6.2.2/include -D_XOPEN_SOURCE -D_DARWIN_C_SOURCE  -I/usr/local/Cellar/readline/6.2.2/include -Os -w -pipe -march=native -Qunused-arguments -fno-common  -g -DXP_UNIX  conftest.c -o conftest.i"
checked program was:
/* begin */
1: #include "ruby.h"
2: 
3: #include <libxml/parser.h>
/* end */

--------------------

find_header: checking for libxslt/xslt.h... -------------------- yes

"/usr/bin/clang -E -I/usr/local/Cellar/ruby192/1.9.2-p290/include/ruby-1.9.1/x86_64-darwin11.3.0 -I/usr/local/Cellar/ruby192/1.9.2-p290/include/ruby-1.9.1/ruby/backward -I/usr/local/Cellar/ruby192/1.9.2-p290/include/ruby-1.9.1 -I. -I/usr/local/Cellar/libxml2/2.7.8/include/libxml2 -I/opt/local/include/libxml2 -I/usr/local/include/libxml2 -I/usr/local/Cellar/ruby192/1.9.2-p290/include/libxml2 -I/opt/local/include -I/usr/local/include -I/usr/local/Cellar/ruby192/1.9.2-p290/include -I/usr/include -I/usr/include/libxml2 -I/usr/local/Cellar/readline/6.2.2/include -D_XOPEN_SOURCE -D_DARWIN_C_SOURCE  -I/usr/local/Cellar/readline/6.2.2/include -Os -w -pipe -march=native -Qunused-arguments -fno-common  -g -DXP_UNIX  conftest.c -o conftest.i"
checked program was:
/* begin */
1: #include "ruby.h"
2: 
3: #include <libxslt/xslt.h>
/* end */

--------------------

find_header: checking for libexslt/exslt.h... -------------------- yes

"/usr/bin/clang -E -I/usr/local/Cellar/ruby192/1.9.2-p290/include/ruby-1.9.1/x86_64-darwin11.3.0 -I/usr/local/Cellar/ruby192/1.9.2-p290/include/ruby-1.9.1/ruby/backward -I/usr/local/Cellar/ruby192/1.9.2-p290/include/ruby-1.9.1 -I. -I/usr/local/Cellar/libxml2/2.7.8/include/libxml2 -I/opt/local/include/libxml2 -I/usr/local/include/libxml2 -I/usr/local/Cellar/ruby192/1.9.2-p290/include/libxml2 -I/opt/local/include -I/usr/local/include -I/usr/local/Cellar/ruby192/1.9.2-p290/include -I/usr/include -I/usr/include/libxml2 -I/usr/local/Cellar/readline/6.2.2/include -D_XOPEN_SOURCE -D_DARWIN_C_SOURCE  -I/usr/local/Cellar/readline/6.2.2/include -Os -w -pipe -march=native -Qunused-arguments -fno-common  -g -DXP_UNIX  conftest.c -o conftest.i"
checked program was:
/* begin */
1: #include "ruby.h"
2: 
3: #include <libexslt/exslt.h>
/* end */

--------------------

have_func: checking for iconv_open() in iconv.h... -------------------- no

"/usr/bin/clang -o conftest -I/usr/local/Cellar/ruby192/1.9.2-p290/include/ruby-1.9.1/x86_64-darwin11.3.0 -I/usr/local/Cellar/ruby192/1.9.2-p290/include/ruby-1.9.1/ruby/backward -I/usr/local/Cellar/ruby192/1.9.2-p290/include/ruby-1.9.1 -I. -I/usr/local/Cellar/libxml2/2.7.8/include/libxml2 -I/opt/local/include/libxml2 -I/usr/local/include/libxml2 -I/usr/local/Cellar/ruby192/1.9.2-p290/include/libxml2 -I/opt/local/include -I/usr/local/include -I/usr/local/Cellar/ruby192/1.9.2-p290/include -I/usr/include -I/usr/include/libxml2 -I/usr/local/Cellar/readline/6.2.2/include -D_XOPEN_SOURCE -D_DARWIN_C_SOURCE  -I/usr/local/Cellar/readline/6.2.2/include -Os -w -pipe -march=native -Qunused-arguments -fno-common  -g -DXP_UNIX conftest.c  -L. -L/usr/local/Cellar/ruby192/1.9.2-p290/lib -L/usr/local/Cellar/libxml2/2.7.8/lib -L/opt/local/lib -L/usr/local/lib -L/usr/local/Cellar/ruby192/1.9.2-p290/lib -L/usr/lib -L. -L/usr/local/Cellar/readline/6.2.2/lib -L/usr/local/lib     -lruby.1.9.1-static  -lpthread -ldl -lobjc  "
Undefined symbols for architecture x86_64:
  "_iconv_open", referenced from:
      _t in conftest-wX6rdy.o
ld: symbol(s) not found for architecture x86_64
clang: error: linker command failed with exit code 1 (use -v to see invocation)
checked program was:
/* begin */
1: #include "ruby.h"
2: 
3: #include <iconv.h>
4: 
5: /*top*/
6: int main() {return 0;}
7: int t() { void ((*volatile p)()); p = (void ((*)()))iconv_open; return 0; }
/* end */

"/usr/bin/clang -o conftest -I/usr/local/Cellar/ruby192/1.9.2-p290/include/ruby-1.9.1/x86_64-darwin11.3.0 -I/usr/local/Cellar/ruby192/1.9.2-p290/include/ruby-1.9.1/ruby/backward -I/usr/local/Cellar/ruby192/1.9.2-p290/include/ruby-1.9.1 -I. -I/usr/local/Cellar/libxml2/2.7.8/include/libxml2 -I/opt/local/include/libxml2 -I/usr/local/include/libxml2 -I/usr/local/Cellar/ruby192/1.9.2-p290/include/libxml2 -I/opt/local/include -I/usr/local/include -I/usr/local/Cellar/ruby192/1.9.2-p290/include -I/usr/include -I/usr/include/libxml2 -I/usr/local/Cellar/readline/6.2.2/include -D_XOPEN_SOURCE -D_DARWIN_C_SOURCE  -I/usr/local/Cellar/readline/6.2.2/include -Os -w -pipe -march=native -Qunused-arguments -fno-common  -g -DXP_UNIX conftest.c  -L. -L/usr/local/Cellar/ruby192/1.9.2-p290/lib -L/usr/local/Cellar/libxml2/2.7.8/lib -L/opt/local/lib -L/usr/local/lib -L/usr/local/Cellar/ruby192/1.9.2-p290/lib -L/usr/lib -L. -L/usr/local/Cellar/readline/6.2.2/lib -L/usr/local/lib     -lruby.1.9.1-static  -lpthread -ldl -lobjc  "
conftest.c:7:22: error: too few arguments to function call, expected 2, have 0
int t() { iconv_open(); return 0; }
          ~~~~~~~~~~ ^
/usr/include/iconv.h:65:1: note: 'iconv_open' declared here
iconv_t iconv_open (const char* /*tocode*/, const char* /*fromcode*/);
^
1 error generated.
checked program was:
/* begin */
1: #include "ruby.h"
2: 
3: #include <iconv.h>
4: 
5: /*top*/
6: int main() {return 0;}
7: int t() { iconv_open(); return 0; }
/* end */

--------------------

have_library: checking for iconv_open() in -liconv... -------------------- yes

"/usr/bin/clang -o conftest -I/usr/local/Cellar/ruby192/1.9.2-p290/include/ruby-1.9.1/x86_64-darwin11.3.0 -I/usr/local/Cellar/ruby192/1.9.2-p290/include/ruby-1.9.1/ruby/backward -I/usr/local/Cellar/ruby192/1.9.2-p290/include/ruby-1.9.1 -I. -I/usr/local/Cellar/libxml2/2.7.8/include/libxml2 -I/opt/local/include/libxml2 -I/usr/local/include/libxml2 -I/usr/local/Cellar/ruby192/1.9.2-p290/include/libxml2 -I/opt/local/include -I/usr/local/include -I/usr/local/Cellar/ruby192/1.9.2-p290/include -I/usr/include -I/usr/include/libxml2 -I/usr/local/Cellar/readline/6.2.2/include -D_XOPEN_SOURCE -D_DARWIN_C_SOURCE  -I/usr/local/Cellar/readline/6.2.2/include -Os -w -pipe -march=native -Qunused-arguments -fno-common  -g -DXP_UNIX conftest.c  -L. -L/usr/local/Cellar/ruby192/1.9.2-p290/lib -L/usr/local/Cellar/libxml2/2.7.8/lib -L/opt/local/lib -L/usr/local/lib -L/usr/local/Cellar/ruby192/1.9.2-p290/lib -L/usr/lib -L. -L/usr/local/Cellar/readline/6.2.2/lib -L/usr/local/lib     -lruby.1.9.1-static -liconv  -lpthread -ldl -lobjc  "
checked program was:
/* begin */
1: #include "ruby.h"
2: 
3: #include <iconv.h>
4: 
5: /*top*/
6: int main() {return 0;}
7: int t() { void ((*volatile p)()); p = (void ((*)()))iconv_open; return 0; }
/* end */

--------------------

find_library: checking for xmlParseDoc() in -lxml2... -------------------- yes

"/usr/bin/clang -o conftest -I/usr/local/Cellar/ruby192/1.9.2-p290/include/ruby-1.9.1/x86_64-darwin11.3.0 -I/usr/local/Cellar/ruby192/1.9.2-p290/include/ruby-1.9.1/ruby/backward -I/usr/local/Cellar/ruby192/1.9.2-p290/include/ruby-1.9.1 -I. -I/usr/local/Cellar/libxml2/2.7.8/include/libxml2 -I/opt/local/include/libxml2 -I/usr/local/include/libxml2 -I/usr/local/Cellar/ruby192/1.9.2-p290/include/libxml2 -I/opt/local/include -I/usr/local/include -I/usr/local/Cellar/ruby192/1.9.2-p290/include -I/usr/include -I/usr/include/libxml2 -I/usr/local/Cellar/readline/6.2.2/include -D_XOPEN_SOURCE -D_DARWIN_C_SOURCE  -I/usr/local/Cellar/readline/6.2.2/include -Os -w -pipe -march=native -Qunused-arguments -fno-common  -g -DXP_UNIX conftest.c  -L. -L/usr/local/Cellar/ruby192/1.9.2-p290/lib -L/usr/local/Cellar/libxml2/2.7.8/lib -L/opt/local/lib -L/usr/local/lib -L/usr/local/Cellar/ruby192/1.9.2-p290/lib -L/usr/lib -L. -L/usr/local/Cellar/readline/6.2.2/lib -L/usr/local/lib    -liconv  -lruby.1.9.1-static -lxml2 -liconv  -lpthread -ldl -lobjc  "
conftest.c:5:53: error: use of undeclared identifier 'xmlParseDoc'
int t() { void ((*volatile p)()); p = (void ((*)()))xmlParseDoc; return 0; }
                                                    ^
1 error generated.
checked program was:
/* begin */
1: #include "ruby.h"
2: 
3: /*top*/
4: int main() {return 0;}
5: int t() { void ((*volatile p)()); p = (void ((*)()))xmlParseDoc; return 0; }
/* end */

"/usr/bin/clang -o conftest -I/usr/local/Cellar/ruby192/1.9.2-p290/include/ruby-1.9.1/x86_64-darwin11.3.0 -I/usr/local/Cellar/ruby192/1.9.2-p290/include/ruby-1.9.1/ruby/backward -I/usr/local/Cellar/ruby192/1.9.2-p290/include/ruby-1.9.1 -I. -I/usr/local/Cellar/libxml2/2.7.8/include/libxml2 -I/opt/local/include/libxml2 -I/usr/local/include/libxml2 -I/usr/local/Cellar/ruby192/1.9.2-p290/include/libxml2 -I/opt/local/include -I/usr/local/include -I/usr/local/Cellar/ruby192/1.9.2-p290/include -I/usr/include -I/usr/include/libxml2 -I/usr/local/Cellar/readline/6.2.2/include -D_XOPEN_SOURCE -D_DARWIN_C_SOURCE  -I/usr/local/Cellar/readline/6.2.2/include -Os -w -pipe -march=native -Qunused-arguments -fno-common  -g -DXP_UNIX conftest.c  -L. -L/usr/local/Cellar/ruby192/1.9.2-p290/lib -L/usr/local/Cellar/libxml2/2.7.8/lib -L/opt/local/lib -L/usr/local/lib -L/usr/local/Cellar/ruby192/1.9.2-p290/lib -L/usr/lib -L. -L/usr/local/Cellar/readline/6.2.2/lib -L/usr/local/lib    -liconv  -lruby.1.9.1-static -lxml2 -liconv  -lpthread -ldl -lobjc  "
checked program was:
/* begin */
1: #include "ruby.h"
2: 
3: /*top*/
4: int main() {return 0;}
5: int t() { xmlParseDoc(); return 0; }
/* end */

--------------------

find_library: checking for xsltParseStylesheetDoc() in -lxslt... -------------------- yes

"/usr/bin/clang -o conftest -I/usr/local/Cellar/ruby192/1.9.2-p290/include/ruby-1.9.1/x86_64-darwin11.3.0 -I/usr/local/Cellar/ruby192/1.9.2-p290/include/ruby-1.9.1/ruby/backward -I/usr/local/Cellar/ruby192/1.9.2-p290/include/ruby-1.9.1 -I. -I/usr/local/Cellar/libxml2/2.7.8/include/libxml2 -I/opt/local/include/libxml2 -I/usr/local/include/libxml2 -I/usr/local/Cellar/ruby192/1.9.2-p290/include/libxml2 -I/opt/local/include -I/usr/local/include -I/usr/local/Cellar/ruby192/1.9.2-p290/include -I/usr/include -I/usr/include/libxml2 -I/usr/local/Cellar/readline/6.2.2/include -D_XOPEN_SOURCE -D_DARWIN_C_SOURCE  -I/usr/local/Cellar/readline/6.2.2/include -Os -w -pipe -march=native -Qunused-arguments -fno-common  -g -DXP_UNIX conftest.c  -L. -L/usr/local/Cellar/ruby192/1.9.2-p290/lib -L/usr/local/Cellar/libxml2/2.7.8/lib -L/opt/local/lib -L/usr/local/lib -L/usr/local/Cellar/ruby192/1.9.2-p290/lib -L/usr/lib -L. -L/usr/local/Cellar/readline/6.2.2/lib -L/usr/local/lib    -lxml2 -liconv  -lruby.1.9.1-static -lxslt -lxml2 -liconv  -lpthread -ldl -lobjc  "
conftest.c:5:53: error: use of undeclared identifier 'xsltParseStylesheetDoc'
int t() { void ((*volatile p)()); p = (void ((*)()))xsltParseStylesheetDoc; return 0; }
                                                    ^
1 error generated.
checked program was:
/* begin */
1: #include "ruby.h"
2: 
3: /*top*/
4: int main() {return 0;}
5: int t() { void ((*volatile p)()); p = (void ((*)()))xsltParseStylesheetDoc; return 0; }
/* end */

"/usr/bin/clang -o conftest -I/usr/local/Cellar/ruby192/1.9.2-p290/include/ruby-1.9.1/x86_64-darwin11.3.0 -I/usr/local/Cellar/ruby192/1.9.2-p290/include/ruby-1.9.1/ruby/backward -I/usr/local/Cellar/ruby192/1.9.2-p290/include/ruby-1.9.1 -I. -I/usr/local/Cellar/libxml2/2.7.8/include/libxml2 -I/opt/local/include/libxml2 -I/usr/local/include/libxml2 -I/usr/local/Cellar/ruby192/1.9.2-p290/include/libxml2 -I/opt/local/include -I/usr/local/include -I/usr/local/Cellar/ruby192/1.9.2-p290/include -I/usr/include -I/usr/include/libxml2 -I/usr/local/Cellar/readline/6.2.2/include -D_XOPEN_SOURCE -D_DARWIN_C_SOURCE  -I/usr/local/Cellar/readline/6.2.2/include -Os -w -pipe -march=native -Qunused-arguments -fno-common  -g -DXP_UNIX conftest.c  -L. -L/usr/local/Cellar/ruby192/1.9.2-p290/lib -L/usr/local/Cellar/libxml2/2.7.8/lib -L/opt/local/lib -L/usr/local/lib -L/usr/local/Cellar/ruby192/1.9.2-p290/lib -L/usr/lib -L. -L/usr/local/Cellar/readline/6.2.2/lib -L/usr/local/lib    -lxml2 -liconv  -lruby.1.9.1-static -lxslt -lxml2 -liconv  -lpthread -ldl -lobjc  "
checked program was:
/* begin */
1: #include "ruby.h"
2: 
3: /*top*/
4: int main() {return 0;}
5: int t() { xsltParseStylesheetDoc(); return 0; }
/* end */

--------------------

find_library: checking for exsltFuncRegister() in -lexslt... -------------------- yes

"/usr/bin/clang -o conftest -I/usr/local/Cellar/ruby192/1.9.2-p290/include/ruby-1.9.1/x86_64-darwin11.3.0 -I/usr/local/Cellar/ruby192/1.9.2-p290/include/ruby-1.9.1/ruby/backward -I/usr/local/Cellar/ruby192/1.9.2-p290/include/ruby-1.9.1 -I. -I/usr/local/Cellar/libxml2/2.7.8/include/libxml2 -I/opt/local/include/libxml2 -I/usr/local/include/libxml2 -I/usr/local/Cellar/ruby192/1.9.2-p290/include/libxml2 -I/opt/local/include -I/usr/local/include -I/usr/local/Cellar/ruby192/1.9.2-p290/include -I/usr/include -I/usr/include/libxml2 -I/usr/local/Cellar/readline/6.2.2/include -D_XOPEN_SOURCE -D_DARWIN_C_SOURCE  -I/usr/local/Cellar/readline/6.2.2/include -Os -w -pipe -march=native -Qunused-arguments -fno-common  -g -DXP_UNIX conftest.c  -L. -L/usr/local/Cellar/ruby192/1.9.2-p290/lib -L/usr/local/Cellar/libxml2/2.7.8/lib -L/opt/local/lib -L/usr/local/lib -L/usr/local/Cellar/ruby192/1.9.2-p290/lib -L/usr/lib -L. -L/usr/local/Cellar/readline/6.2.2/lib -L/usr/local/lib    -lxslt -lxml2 -liconv  -lruby.1.9.1-static -lexslt -lxslt -lxml2 -liconv  -lpthread -ldl -lobjc  "
conftest.c:5:53: error: use of undeclared identifier 'exsltFuncRegister'
int t() { void ((*volatile p)()); p = (void ((*)()))exsltFuncRegister; return 0; }
                                                    ^
1 error generated.
checked program was:
/* begin */
1: #include "ruby.h"
2: 
3: /*top*/
4: int main() {return 0;}
5: int t() { void ((*volatile p)()); p = (void ((*)()))exsltFuncRegister; return 0; }
/* end */

"/usr/bin/clang -o conftest -I/usr/local/Cellar/ruby192/1.9.2-p290/include/ruby-1.9.1/x86_64-darwin11.3.0 -I/usr/local/Cellar/ruby192/1.9.2-p290/include/ruby-1.9.1/ruby/backward -I/usr/local/Cellar/ruby192/1.9.2-p290/include/ruby-1.9.1 -I. -I/usr/local/Cellar/libxml2/2.7.8/include/libxml2 -I/opt/local/include/libxml2 -I/usr/local/include/libxml2 -I/usr/local/Cellar/ruby192/1.9.2-p290/include/libxml2 -I/opt/local/include -I/usr/local/include -I/usr/local/Cellar/ruby192/1.9.2-p290/include -I/usr/include -I/usr/include/libxml2 -I/usr/local/Cellar/readline/6.2.2/include -D_XOPEN_SOURCE -D_DARWIN_C_SOURCE  -I/usr/local/Cellar/readline/6.2.2/include -Os -w -pipe -march=native -Qunused-arguments -fno-common  -g -DXP_UNIX conftest.c  -L. -L/usr/local/Cellar/ruby192/1.9.2-p290/lib -L/usr/local/Cellar/libxml2/2.7.8/lib -L/opt/local/lib -L/usr/local/lib -L/usr/local/Cellar/ruby192/1.9.2-p290/lib -L/usr/lib -L. -L/usr/local/Cellar/readline/6.2.2/lib -L/usr/local/lib    -lxslt -lxml2 -liconv  -lruby.1.9.1-static -lexslt -lxslt -lxml2 -liconv  -lpthread -ldl -lobjc  "
checked program was:
/* begin */
1: #include "ruby.h"
2: 
3: /*top*/
4: int main() {return 0;}
5: int t() { exsltFuncRegister(); return 0; }
/* end */

--------------------

have_func: checking for xmlHasFeature()... -------------------- yes

"/usr/bin/clang -o conftest -I/usr/local/Cellar/ruby192/1.9.2-p290/include/ruby-1.9.1/x86_64-darwin11.3.0 -I/usr/local/Cellar/ruby192/1.9.2-p290/include/ruby-1.9.1/ruby/backward -I/usr/local/Cellar/ruby192/1.9.2-p290/include/ruby-1.9.1 -I. -I/usr/local/Cellar/libxml2/2.7.8/include/libxml2 -I/opt/local/include/libxml2 -I/usr/local/include/libxml2 -I/usr/local/Cellar/ruby192/1.9.2-p290/include/libxml2 -I/opt/local/include -I/usr/local/include -I/usr/local/Cellar/ruby192/1.9.2-p290/include -I/usr/include -I/usr/include/libxml2 -I/usr/local/Cellar/readline/6.2.2/include -D_XOPEN_SOURCE -D_DARWIN_C_SOURCE  -I/usr/local/Cellar/readline/6.2.2/include -Os -w -pipe -march=native -Qunused-arguments -fno-common  -g -DXP_UNIX conftest.c  -L. -L/usr/local/Cellar/ruby192/1.9.2-p290/lib -L/usr/local/Cellar/libxml2/2.7.8/lib -L/opt/local/lib -L/usr/local/lib -L/usr/local/Cellar/ruby192/1.9.2-p290/lib -L/usr/lib -L. -L/usr/local/Cellar/readline/6.2.2/lib -L/usr/local/lib    -lexslt -lxslt -lxml2 -liconv  -lruby.1.9.1-static -lexslt -lxslt -lxml2 -liconv  -lpthread -ldl -lobjc  "
conftest.c:5:53: error: use of undeclared identifier 'xmlHasFeature'
int t() { void ((*volatile p)()); p = (void ((*)()))xmlHasFeature; return 0; }
                                                    ^
1 error generated.
checked program was:
/* begin */
1: #include "ruby.h"
2: 
3: /*top*/
4: int main() {return 0;}
5: int t() { void ((*volatile p)()); p = (void ((*)()))xmlHasFeature; return 0; }
/* end */

"/usr/bin/clang -o conftest -I/usr/local/Cellar/ruby192/1.9.2-p290/include/ruby-1.9.1/x86_64-darwin11.3.0 -I/usr/local/Cellar/ruby192/1.9.2-p290/include/ruby-1.9.1/ruby/backward -I/usr/local/Cellar/ruby192/1.9.2-p290/include/ruby-1.9.1 -I. -I/usr/local/Cellar/libxml2/2.7.8/include/libxml2 -I/opt/local/include/libxml2 -I/usr/local/include/libxml2 -I/usr/local/Cellar/ruby192/1.9.2-p290/include/libxml2 -I/opt/local/include -I/usr/local/include -I/usr/local/Cellar/ruby192/1.9.2-p290/include -I/usr/include -I/usr/include/libxml2 -I/usr/local/Cellar/readline/6.2.2/include -D_XOPEN_SOURCE -D_DARWIN_C_SOURCE  -I/usr/local/Cellar/readline/6.2.2/include -Os -w -pipe -march=native -Qunused-arguments -fno-common  -g -DXP_UNIX conftest.c  -L. -L/usr/local/Cellar/ruby192/1.9.2-p290/lib -L/usr/local/Cellar/libxml2/2.7.8/lib -L/opt/local/lib -L/usr/local/lib -L/usr/local/Cellar/ruby192/1.9.2-p290/lib -L/usr/lib -L. -L/usr/local/Cellar/readline/6.2.2/lib -L/usr/local/lib    -lexslt -lxslt -lxml2 -liconv  -lruby.1.9.1-static -lexslt -lxslt -lxml2 -liconv  -lpthread -ldl -lobjc  "
checked program was:
/* begin */
1: #include "ruby.h"
2: 
3: /*top*/
4: int main() {return 0;}
5: int t() { xmlHasFeature(); return 0; }
/* end */

--------------------

have_func: checking for xmlFirstElementChild()... -------------------- yes

"/usr/bin/clang -o conftest -I/usr/local/Cellar/ruby192/1.9.2-p290/include/ruby-1.9.1/x86_64-darwin11.3.0 -I/usr/local/Cellar/ruby192/1.9.2-p290/include/ruby-1.9.1/ruby/backward -I/usr/local/Cellar/ruby192/1.9.2-p290/include/ruby-1.9.1 -I. -I/usr/local/Cellar/libxml2/2.7.8/include/libxml2 -I/opt/local/include/libxml2 -I/usr/local/include/libxml2 -I/usr/local/Cellar/ruby192/1.9.2-p290/include/libxml2 -I/opt/local/include -I/usr/local/include -I/usr/local/Cellar/ruby192/1.9.2-p290/include -I/usr/include -I/usr/include/libxml2 -I/usr/local/Cellar/readline/6.2.2/include -D_XOPEN_SOURCE -D_DARWIN_C_SOURCE  -I/usr/local/Cellar/readline/6.2.2/include -Os -w -pipe -march=native -Qunused-arguments -fno-common  -g -DXP_UNIX conftest.c  -L. -L/usr/local/Cellar/ruby192/1.9.2-p290/lib -L/usr/local/Cellar/libxml2/2.7.8/lib -L/opt/local/lib -L/usr/local/lib -L/usr/local/Cellar/ruby192/1.9.2-p290/lib -L/usr/lib -L. -L/usr/local/Cellar/readline/6.2.2/lib -L/usr/local/lib    -lexslt -lxslt -lxml2 -liconv  -lruby.1.9.1-static -lexslt -lxslt -lxml2 -liconv  -lpthread -ldl -lobjc  "
conftest.c:5:53: error: use of undeclared identifier 'xmlFirstElementChild'
int t() { void ((*volatile p)()); p = (void ((*)()))xmlFirstElementChild; return 0; }
                                                    ^
1 error generated.
checked program was:
/* begin */
1: #include "ruby.h"
2: 
3: /*top*/
4: int main() {return 0;}
5: int t() { void ((*volatile p)()); p = (void ((*)()))xmlFirstElementChild; return 0; }
/* end */

"/usr/bin/clang -o conftest -I/usr/local/Cellar/ruby192/1.9.2-p290/include/ruby-1.9.1/x86_64-darwin11.3.0 -I/usr/local/Cellar/ruby192/1.9.2-p290/include/ruby-1.9.1/ruby/backward -I/usr/local/Cellar/ruby192/1.9.2-p290/include/ruby-1.9.1 -I. -I/usr/local/Cellar/libxml2/2.7.8/include/libxml2 -I/opt/local/include/libxml2 -I/usr/local/include/libxml2 -I/usr/local/Cellar/ruby192/1.9.2-p290/include/libxml2 -I/opt/local/include -I/usr/local/include -I/usr/local/Cellar/ruby192/1.9.2-p290/include -I/usr/include -I/usr/include/libxml2 -I/usr/local/Cellar/readline/6.2.2/include -D_XOPEN_SOURCE -D_DARWIN_C_SOURCE  -I/usr/local/Cellar/readline/6.2.2/include -Os -w -pipe -march=native -Qunused-arguments -fno-common  -g -DXP_UNIX conftest.c  -L. -L/usr/local/Cellar/ruby192/1.9.2-p290/lib -L/usr/local/Cellar/libxml2/2.7.8/lib -L/opt/local/lib -L/usr/local/lib -L/usr/local/Cellar/ruby192/1.9.2-p290/lib -L/usr/lib -L. -L/usr/local/Cellar/readline/6.2.2/lib -L/usr/local/lib    -lexslt -lxslt -lxml2 -liconv  -lruby.1.9.1-static -lexslt -lxslt -lxml2 -liconv  -lpthread -ldl -lobjc  "
checked program was:
/* begin */
1: #include "ruby.h"
2: 
3: /*top*/
4: int main() {return 0;}
5: int t() { xmlFirstElementChild(); return 0; }
/* end */

--------------------

have_func: checking for xmlRelaxNGSetParserStructuredErrors()... -------------------- yes

"/usr/bin/clang -o conftest -I/usr/local/Cellar/ruby192/1.9.2-p290/include/ruby-1.9.1/x86_64-darwin11.3.0 -I/usr/local/Cellar/ruby192/1.9.2-p290/include/ruby-1.9.1/ruby/backward -I/usr/local/Cellar/ruby192/1.9.2-p290/include/ruby-1.9.1 -I. -I/usr/local/Cellar/libxml2/2.7.8/include/libxml2 -I/opt/local/include/libxml2 -I/usr/local/include/libxml2 -I/usr/local/Cellar/ruby192/1.9.2-p290/include/libxml2 -I/opt/local/include -I/usr/local/include -I/usr/local/Cellar/ruby192/1.9.2-p290/include -I/usr/include -I/usr/include/libxml2 -I/usr/local/Cellar/readline/6.2.2/include -D_XOPEN_SOURCE -D_DARWIN_C_SOURCE  -I/usr/local/Cellar/readline/6.2.2/include -Os -w -pipe -march=native -Qunused-arguments -fno-common  -g -DXP_UNIX conftest.c  -L. -L/usr/local/Cellar/ruby192/1.9.2-p290/lib -L/usr/local/Cellar/libxml2/2.7.8/lib -L/opt/local/lib -L/usr/local/lib -L/usr/local/Cellar/ruby192/1.9.2-p290/lib -L/usr/lib -L. -L/usr/local/Cellar/readline/6.2.2/lib -L/usr/local/lib    -lexslt -lxslt -lxml2 -liconv  -lruby.1.9.1-static -lexslt -lxslt -lxml2 -liconv  -lpthread -ldl -lobjc  "
conftest.c:5:53: error: use of undeclared identifier 'xmlRelaxNGSetParserStructuredErrors'
int t() { void ((*volatile p)()); p = (void ((*)()))xmlRelaxNGSetParserStructuredErrors; return 0; }
                                                    ^
1 error generated.
checked program was:
/* begin */
1: #include "ruby.h"
2: 
3: /*top*/
4: int main() {return 0;}
5: int t() { void ((*volatile p)()); p = (void ((*)()))xmlRelaxNGSetParserStructuredErrors; return 0; }
/* end */

"/usr/bin/clang -o conftest -I/usr/local/Cellar/ruby192/1.9.2-p290/include/ruby-1.9.1/x86_64-darwin11.3.0 -I/usr/local/Cellar/ruby192/1.9.2-p290/include/ruby-1.9.1/ruby/backward -I/usr/local/Cellar/ruby192/1.9.2-p290/include/ruby-1.9.1 -I. -I/usr/local/Cellar/libxml2/2.7.8/include/libxml2 -I/opt/local/include/libxml2 -I/usr/local/include/libxml2 -I/usr/local/Cellar/ruby192/1.9.2-p290/include/libxml2 -I/opt/local/include -I/usr/local/include -I/usr/local/Cellar/ruby192/1.9.2-p290/include -I/usr/include -I/usr/include/libxml2 -I/usr/local/Cellar/readline/6.2.2/include -D_XOPEN_SOURCE -D_DARWIN_C_SOURCE  -I/usr/local/Cellar/readline/6.2.2/include -Os -w -pipe -march=native -Qunused-arguments -fno-common  -g -DXP_UNIX conftest.c  -L. -L/usr/local/Cellar/ruby192/1.9.2-p290/lib -L/usr/local/Cellar/libxml2/2.7.8/lib -L/opt/local/lib -L/usr/local/lib -L/usr/local/Cellar/ruby192/1.9.2-p290/lib -L/usr/lib -L. -L/usr/local/Cellar/readline/6.2.2/lib -L/usr/local/lib    -lexslt -lxslt -lxml2 -liconv  -lruby.1.9.1-static -lexslt -lxslt -lxml2 -liconv  -lpthread -ldl -lobjc  "
checked program was:
/* begin */
1: #include "ruby.h"
2: 
3: /*top*/
4: int main() {return 0;}
5: int t() { xmlRelaxNGSetParserStructuredErrors(); return 0; }
/* end */

--------------------

have_func: checking for xmlRelaxNGSetParserStructuredErrors()... -------------------- yes

"/usr/bin/clang -o conftest -I/usr/local/Cellar/ruby192/1.9.2-p290/include/ruby-1.9.1/x86_64-darwin11.3.0 -I/usr/local/Cellar/ruby192/1.9.2-p290/include/ruby-1.9.1/ruby/backward -I/usr/local/Cellar/ruby192/1.9.2-p290/include/ruby-1.9.1 -I. -I/usr/local/Cellar/libxml2/2.7.8/include/libxml2 -I/opt/local/include/libxml2 -I/usr/local/include/libxml2 -I/usr/local/Cellar/ruby192/1.9.2-p290/include/libxml2 -I/opt/local/include -I/usr/local/include -I/usr/local/Cellar/ruby192/1.9.2-p290/include -I/usr/include -I/usr/include/libxml2 -I/usr/local/Cellar/readline/6.2.2/include -D_XOPEN_SOURCE -D_DARWIN_C_SOURCE  -I/usr/local/Cellar/readline/6.2.2/include -Os -w -pipe -march=native -Qunused-arguments -fno-common  -g -DXP_UNIX conftest.c  -L. -L/usr/local/Cellar/ruby192/1.9.2-p290/lib -L/usr/local/Cellar/libxml2/2.7.8/lib -L/opt/local/lib -L/usr/local/lib -L/usr/local/Cellar/ruby192/1.9.2-p290/lib -L/usr/lib -L. -L/usr/local/Cellar/readline/6.2.2/lib -L/usr/local/lib    -lexslt -lxslt -lxml2 -liconv  -lruby.1.9.1-static -lexslt -lxslt -lxml2 -liconv  -lpthread -ldl -lobjc  "
conftest.c:5:53: error: use of undeclared identifier 'xmlRelaxNGSetParserStructuredErrors'
int t() { void ((*volatile p)()); p = (void ((*)()))xmlRelaxNGSetParserStructuredErrors; return 0; }
                                                    ^
1 error generated.
checked program was:
/* begin */
1: #include "ruby.h"
2: 
3: /*top*/
4: int main() {return 0;}
5: int t() { void ((*volatile p)()); p = (void ((*)()))xmlRelaxNGSetParserStructuredErrors; return 0; }
/* end */

"/usr/bin/clang -o conftest -I/usr/local/Cellar/ruby192/1.9.2-p290/include/ruby-1.9.1/x86_64-darwin11.3.0 -I/usr/local/Cellar/ruby192/1.9.2-p290/include/ruby-1.9.1/ruby/backward -I/usr/local/Cellar/ruby192/1.9.2-p290/include/ruby-1.9.1 -I. -I/usr/local/Cellar/libxml2/2.7.8/include/libxml2 -I/opt/local/include/libxml2 -I/usr/local/include/libxml2 -I/usr/local/Cellar/ruby192/1.9.2-p290/include/libxml2 -I/opt/local/include -I/usr/local/include -I/usr/local/Cellar/ruby192/1.9.2-p290/include -I/usr/include -I/usr/include/libxml2 -I/usr/local/Cellar/readline/6.2.2/include -D_XOPEN_SOURCE -D_DARWIN_C_SOURCE  -I/usr/local/Cellar/readline/6.2.2/include -Os -w -pipe -march=native -Qunused-arguments -fno-common  -g -DXP_UNIX conftest.c  -L. -L/usr/local/Cellar/ruby192/1.9.2-p290/lib -L/usr/local/Cellar/libxml2/2.7.8/lib -L/opt/local/lib -L/usr/local/lib -L/usr/local/Cellar/ruby192/1.9.2-p290/lib -L/usr/lib -L. -L/usr/local/Cellar/readline/6.2.2/lib -L/usr/local/lib    -lexslt -lxslt -lxml2 -liconv  -lruby.1.9.1-static -lexslt -lxslt -lxml2 -liconv  -lpthread -ldl -lobjc  "
checked program was:
/* begin */
1: #include "ruby.h"
2: 
3: /*top*/
4: int main() {return 0;}
5: int t() { xmlRelaxNGSetParserStructuredErrors(); return 0; }
/* end */

--------------------

have_func: checking for xmlRelaxNGSetValidStructuredErrors()... -------------------- yes

"/usr/bin/clang -o conftest -I/usr/local/Cellar/ruby192/1.9.2-p290/include/ruby-1.9.1/x86_64-darwin11.3.0 -I/usr/local/Cellar/ruby192/1.9.2-p290/include/ruby-1.9.1/ruby/backward -I/usr/local/Cellar/ruby192/1.9.2-p290/include/ruby-1.9.1 -I. -I/usr/local/Cellar/libxml2/2.7.8/include/libxml2 -I/opt/local/include/libxml2 -I/usr/local/include/libxml2 -I/usr/local/Cellar/ruby192/1.9.2-p290/include/libxml2 -I/opt/local/include -I/usr/local/include -I/usr/local/Cellar/ruby192/1.9.2-p290/include -I/usr/include -I/usr/include/libxml2 -I/usr/local/Cellar/readline/6.2.2/include -D_XOPEN_SOURCE -D_DARWIN_C_SOURCE  -I/usr/local/Cellar/readline/6.2.2/include -Os -w -pipe -march=native -Qunused-arguments -fno-common  -g -DXP_UNIX conftest.c  -L. -L/usr/local/Cellar/ruby192/1.9.2-p290/lib -L/usr/local/Cellar/libxml2/2.7.8/lib -L/opt/local/lib -L/usr/local/lib -L/usr/local/Cellar/ruby192/1.9.2-p290/lib -L/usr/lib -L. -L/usr/local/Cellar/readline/6.2.2/lib -L/usr/local/lib    -lexslt -lxslt -lxml2 -liconv  -lruby.1.9.1-static -lexslt -lxslt -lxml2 -liconv  -lpthread -ldl -lobjc  "
conftest.c:5:53: error: use of undeclared identifier 'xmlRelaxNGSetValidStructuredErrors'
int t() { void ((*volatile p)()); p = (void ((*)()))xmlRelaxNGSetValidStructuredErrors; return 0; }
                                                    ^
1 error generated.
checked program was:
/* begin */
1: #include "ruby.h"
2: 
3: /*top*/
4: int main() {return 0;}
5: int t() { void ((*volatile p)()); p = (void ((*)()))xmlRelaxNGSetValidStructuredErrors; return 0; }
/* end */

"/usr/bin/clang -o conftest -I/usr/local/Cellar/ruby192/1.9.2-p290/include/ruby-1.9.1/x86_64-darwin11.3.0 -I/usr/local/Cellar/ruby192/1.9.2-p290/include/ruby-1.9.1/ruby/backward -I/usr/local/Cellar/ruby192/1.9.2-p290/include/ruby-1.9.1 -I. -I/usr/local/Cellar/libxml2/2.7.8/include/libxml2 -I/opt/local/include/libxml2 -I/usr/local/include/libxml2 -I/usr/local/Cellar/ruby192/1.9.2-p290/include/libxml2 -I/opt/local/include -I/usr/local/include -I/usr/local/Cellar/ruby192/1.9.2-p290/include -I/usr/include -I/usr/include/libxml2 -I/usr/local/Cellar/readline/6.2.2/include -D_XOPEN_SOURCE -D_DARWIN_C_SOURCE  -I/usr/local/Cellar/readline/6.2.2/include -Os -w -pipe -march=native -Qunused-arguments -fno-common  -g -DXP_UNIX conftest.c  -L. -L/usr/local/Cellar/ruby192/1.9.2-p290/lib -L/usr/local/Cellar/libxml2/2.7.8/lib -L/opt/local/lib -L/usr/local/lib -L/usr/local/Cellar/ruby192/1.9.2-p290/lib -L/usr/lib -L. -L/usr/local/Cellar/readline/6.2.2/lib -L/usr/local/lib    -lexslt -lxslt -lxml2 -liconv  -lruby.1.9.1-static -lexslt -lxslt -lxml2 -liconv  -lpthread -ldl -lobjc  "
checked program was:
/* begin */
1: #include "ruby.h"
2: 
3: /*top*/
4: int main() {return 0;}
5: int t() { xmlRelaxNGSetValidStructuredErrors(); return 0; }
/* end */

--------------------

have_func: checking for xmlSchemaSetValidStructuredErrors()... -------------------- yes

"/usr/bin/clang -o conftest -I/usr/local/Cellar/ruby192/1.9.2-p290/include/ruby-1.9.1/x86_64-darwin11.3.0 -I/usr/local/Cellar/ruby192/1.9.2-p290/include/ruby-1.9.1/ruby/backward -I/usr/local/Cellar/ruby192/1.9.2-p290/include/ruby-1.9.1 -I. -I/usr/local/Cellar/libxml2/2.7.8/include/libxml2 -I/opt/local/include/libxml2 -I/usr/local/include/libxml2 -I/usr/local/Cellar/ruby192/1.9.2-p290/include/libxml2 -I/opt/local/include -I/usr/local/include -I/usr/local/Cellar/ruby192/1.9.2-p290/include -I/usr/include -I/usr/include/libxml2 -I/usr/local/Cellar/readline/6.2.2/include -D_XOPEN_SOURCE -D_DARWIN_C_SOURCE  -I/usr/local/Cellar/readline/6.2.2/include -Os -w -pipe -march=native -Qunused-arguments -fno-common  -g -DXP_UNIX conftest.c  -L. -L/usr/local/Cellar/ruby192/1.9.2-p290/lib -L/usr/local/Cellar/libxml2/2.7.8/lib -L/opt/local/lib -L/usr/local/lib -L/usr/local/Cellar/ruby192/1.9.2-p290/lib -L/usr/lib -L. -L/usr/local/Cellar/readline/6.2.2/lib -L/usr/local/lib    -lexslt -lxslt -lxml2 -liconv  -lruby.1.9.1-static -lexslt -lxslt -lxml2 -liconv  -lpthread -ldl -lobjc  "
conftest.c:5:53: error: use of undeclared identifier 'xmlSchemaSetValidStructuredErrors'
int t() { void ((*volatile p)()); p = (void ((*)()))xmlSchemaSetValidStructuredErrors; return 0; }
                                                    ^
1 error generated.
checked program was:
/* begin */
1: #include "ruby.h"
2: 
3: /*top*/
4: int main() {return 0;}
5: int t() { void ((*volatile p)()); p = (void ((*)()))xmlSchemaSetValidStructuredErrors; return 0; }
/* end */

"/usr/bin/clang -o conftest -I/usr/local/Cellar/ruby192/1.9.2-p290/include/ruby-1.9.1/x86_64-darwin11.3.0 -I/usr/local/Cellar/ruby192/1.9.2-p290/include/ruby-1.9.1/ruby/backward -I/usr/local/Cellar/ruby192/1.9.2-p290/include/ruby-1.9.1 -I. -I/usr/local/Cellar/libxml2/2.7.8/include/libxml2 -I/opt/local/include/libxml2 -I/usr/local/include/libxml2 -I/usr/local/Cellar/ruby192/1.9.2-p290/include/libxml2 -I/opt/local/include -I/usr/local/include -I/usr/local/Cellar/ruby192/1.9.2-p290/include -I/usr/include -I/usr/include/libxml2 -I/usr/local/Cellar/readline/6.2.2/include -D_XOPEN_SOURCE -D_DARWIN_C_SOURCE  -I/usr/local/Cellar/readline/6.2.2/include -Os -w -pipe -march=native -Qunused-arguments -fno-common  -g -DXP_UNIX conftest.c  -L. -L/usr/local/Cellar/ruby192/1.9.2-p290/lib -L/usr/local/Cellar/libxml2/2.7.8/lib -L/opt/local/lib -L/usr/local/lib -L/usr/local/Cellar/ruby192/1.9.2-p290/lib -L/usr/lib -L. -L/usr/local/Cellar/readline/6.2.2/lib -L/usr/local/lib    -lexslt -lxslt -lxml2 -liconv  -lruby.1.9.1-static -lexslt -lxslt -lxml2 -liconv  -lpthread -ldl -lobjc  "
checked program was:
/* begin */
1: #include "ruby.h"
2: 
3: /*top*/
4: int main() {return 0;}
5: int t() { xmlSchemaSetValidStructuredErrors(); return 0; }
/* end */

--------------------

have_func: checking for xmlSchemaSetParserStructuredErrors()... -------------------- yes

"/usr/bin/clang -o conftest -I/usr/local/Cellar/ruby192/1.9.2-p290/include/ruby-1.9.1/x86_64-darwin11.3.0 -I/usr/local/Cellar/ruby192/1.9.2-p290/include/ruby-1.9.1/ruby/backward -I/usr/local/Cellar/ruby192/1.9.2-p290/include/ruby-1.9.1 -I. -I/usr/local/Cellar/libxml2/2.7.8/include/libxml2 -I/opt/local/include/libxml2 -I/usr/local/include/libxml2 -I/usr/local/Cellar/ruby192/1.9.2-p290/include/libxml2 -I/opt/local/include -I/usr/local/include -I/usr/local/Cellar/ruby192/1.9.2-p290/include -I/usr/include -I/usr/include/libxml2 -I/usr/local/Cellar/readline/6.2.2/include -D_XOPEN_SOURCE -D_DARWIN_C_SOURCE  -I/usr/local/Cellar/readline/6.2.2/include -Os -w -pipe -march=native -Qunused-arguments -fno-common  -g -DXP_UNIX conftest.c  -L. -L/usr/local/Cellar/ruby192/1.9.2-p290/lib -L/usr/local/Cellar/libxml2/2.7.8/lib -L/opt/local/lib -L/usr/local/lib -L/usr/local/Cellar/ruby192/1.9.2-p290/lib -L/usr/lib -L. -L/usr/local/Cellar/readline/6.2.2/lib -L/usr/local/lib    -lexslt -lxslt -lxml2 -liconv  -lruby.1.9.1-static -lexslt -lxslt -lxml2 -liconv  -lpthread -ldl -lobjc  "
conftest.c:5:53: error: use of undeclared identifier 'xmlSchemaSetParserStructuredErrors'
int t() { void ((*volatile p)()); p = (void ((*)()))xmlSchemaSetParserStructuredErrors; return 0; }
                                                    ^
1 error generated.
checked program was:
/* begin */
1: #include "ruby.h"
2: 
3: /*top*/
4: int main() {return 0;}
5: int t() { void ((*volatile p)()); p = (void ((*)()))xmlSchemaSetParserStructuredErrors; return 0; }
/* end */

"/usr/bin/clang -o conftest -I/usr/local/Cellar/ruby192/1.9.2-p290/include/ruby-1.9.1/x86_64-darwin11.3.0 -I/usr/local/Cellar/ruby192/1.9.2-p290/include/ruby-1.9.1/ruby/backward -I/usr/local/Cellar/ruby192/1.9.2-p290/include/ruby-1.9.1 -I. -I/usr/local/Cellar/libxml2/2.7.8/include/libxml2 -I/opt/local/include/libxml2 -I/usr/local/include/libxml2 -I/usr/local/Cellar/ruby192/1.9.2-p290/include/libxml2 -I/opt/local/include -I/usr/local/include -I/usr/local/Cellar/ruby192/1.9.2-p290/include -I/usr/include -I/usr/include/libxml2 -I/usr/local/Cellar/readline/6.2.2/include -D_XOPEN_SOURCE -D_DARWIN_C_SOURCE  -I/usr/local/Cellar/readline/6.2.2/include -Os -w -pipe -march=native -Qunused-arguments -fno-common  -g -DXP_UNIX conftest.c  -L. -L/usr/local/Cellar/ruby192/1.9.2-p290/lib -L/usr/local/Cellar/libxml2/2.7.8/lib -L/opt/local/lib -L/usr/local/lib -L/usr/local/Cellar/ruby192/1.9.2-p290/lib -L/usr/lib -L. -L/usr/local/Cellar/readline/6.2.2/lib -L/usr/local/lib    -lexslt -lxslt -lxml2 -liconv  -lruby.1.9.1-static -lexslt -lxslt -lxml2 -liconv  -lpthread -ldl -lobjc  "
checked program was:
/* begin */
1: #include "ruby.h"
2: 
3: /*top*/
4: int main() {return 0;}
5: int t() { xmlSchemaSetParserStructuredErrors(); return 0; }
/* end */

--------------------

